

Microchip MPLAB XC8 Assembler V2.40 build 20220703182018 
                                                                                               Sun Dec 04 15:41:56 2022

Microchip MPLAB XC8 C Compiler v2.40 (Free license) build 20220703182018 Og1 
     1                           	processor	18LF14K22
     2                           	fnconf	rparam,??,?,0
     3                           	pagewidth 120
     4                           	opt	flic
     5                           	psect	cinit,global,reloc=2,class=CODE,delta=1
     6                           	psect	cstackCOMRAM,global,class=COMRAM,space=1,delta=1,lowdata,noexec
     7                           	psect	text0,global,reloc=2,class=CODE,delta=1
     8                           	psect	text1,global,reloc=2,class=CODE,delta=1
     9                           	psect	intsave_regs,global,class=BIGRAM,space=1,delta=1,noexec
    10                           	psect	rparam,global,class=COMRAM,space=1,delta=1,noexec
    11                           	psect	idloc,global,abs,ovrld,class=IDLOC,space=5,delta=1,noexec
    12                           	psect	config,global,abs,ovrld,class=CONFIG,space=4,delta=1,noexec
    13   000000                     
    14                           ; Generated 06/04/2022 GMT
    15                           ; 
    16                           ; Copyright © 2022, Microchip Technology Inc. and its subsidiaries ("Microchip")
    17                           ; All rights reserved.
    18                           ; 
    19                           ; This software is developed by Microchip Technology Inc. and its subsidiaries ("Microch
      +                          ip").
    20                           ; 
    21                           ; Redistribution and use in source and binary forms, with or without modification, are
    22                           ; permitted provided that the following conditions are met:
    23                           ; 
    24                           ;     1. Redistributions of source code must retain the above copyright notice, this lis
      +                          t of
    25                           ;        conditions and the following disclaimer.
    26                           ; 
    27                           ;     2. Redistributions in binary form must reproduce the above copyright notice, this 
      +                          list
    28                           ;        of conditions and the following disclaimer in the documentation and/or other
    29                           ;        materials provided with the distribution. Publication is not required when
    30                           ;        this file is used in an embedded application.
    31                           ; 
    32                           ;     3. Microchip's name may not be used to endorse or promote products derived from th
      +                          is
    33                           ;        software without specific prior written permission.
    34                           ; 
    35                           ; THIS SOFTWARE IS PROVIDED BY MICROCHIP "AS IS" AND ANY EXPRESS OR IMPLIED WARRANTIES,
    36                           ; INCLUDING, BUT NOT LIMITED TO, THE IMPLIED WARRANTIES OF MERCHANTABILITY AND FITNESS F
      +                          OR
    37                           ; PURPOSE ARE DISCLAIMED.  IN NO EVENT SHALL MICROCHIP BE LIABLE FOR ANY DIRECT, INDIREC
      +                          T,
    38                           ; INCIDENTAL, SPECIAL, EXEMPLARY, OR CONSEQUENTIAL DAMAGES (INCLUDING BUT NOT LIMITED TO
    39                           ; PROCUREMENT OF SUBSTITUTE GOODS OR SERVICES; LOSS OF USE, DATA OR PROFITS; OR BUSINESS
    40                           ; INTERRUPTION) HOWSOEVER CAUSED AND ON ANY THEORY OF LIABILITY, WHETHER IN CONTRACT, ST
      +                          RICT
    41                           ; LIABILITY, OR TORT (INCLUDING NEGLIGENCE OR OTHERWISE) ARISING IN ANY WAY OUT OF THE U
      +                          SE OF
    42                           ; THIS SOFTWARE, EVEN IF ADVISED OF THE POSSIBILITY OF SUCH DAMAGE.
    43                           ; 
    44                           ; 
    45                           ; Code-generator required, PIC18LF14K22 Definitions
    46                           ; 
    47                           ; SFR Addresses
    48   000000                     _WPUB	set	3960
    49   000000                     _ANSEL	set	3966
    50   000000                     _OSCTUNE	set	3995
    51   000000                     _OSCCON2	set	4050
    52   000000                     _OSCCON	set	4051
    53   000000                     _INTCON2bits	set	4081
    54   000000                     _PORTBbits	set	3969
    55   000000                     _LATA	set	3977
    56   000000                     _TRISA	set	3986
    57   000000                     _ANSELH	set	3967
    58   000000                     _TRISC	set	3988
    59   000000                     _TRISB	set	3987
    60   000000                     _LATC	set	3979
    61   000000                     _LATB	set	3978
    62                           
    63                           ; #config settings
    64                           
    65                           	psect	cinit
    66   003E92                     __pcinit:
    67                           	callstack 0
    68   003E92                     start_initialization:
    69                           	callstack 0
    70   003E92                     __initialization:
    71                           	callstack 0
    72   003E92                     end_of_initialization:
    73                           	callstack 0
    74   003E92                     __end_of__initialization:
    75                           	callstack 0
    76   003E92  0100               	movlb	0
    77   003E94  EF66  F01F         	goto	_main	;jump to C main() function
    78                           
    79                           	psect	cstackCOMRAM
    80   000001                     __pcstackCOMRAM:
    81                           	callstack 0
    82   000001                     Delay_ms@tempo:
    83                           	callstack 0
    84                           
    85                           ; 4 bytes @ 0x0
    86   000001                     	ds	4
    87   000005                     ??_Delay_ms:
    88                           
    89                           ; 1 bytes @ 0x4
    90   000005                     	ds	1
    91   000006                     ??_main:
    92                           
    93                           ; 1 bytes @ 0x5
    94   000006                     	ds	1
    95   000007                     main@SELO_BNT1:
    96                           	callstack 0
    97                           
    98                           ; 1 bytes @ 0x6
    99   000007                     	ds	1
   100   000008                     main@SELO_BNT2:
   101                           	callstack 0
   102                           
   103                           ; 1 bytes @ 0x7
   104   000008                     	ds	1
   105                           
   106 ;;
   107 ;;Main: autosize = 0, tempsize = 1, incstack = 0, save=0
   108 ;;
   109 ;; *************** function _main *****************
   110 ;; Defined at:
   111 ;;		line 23 in file "main.c"
   112 ;; Parameters:    Size  Location     Type
   113 ;;		None
   114 ;; Auto vars:     Size  Location     Type
   115 ;;  SELO_BNT2       1    7[COMRAM] enum E2454
   116 ;;  SELO_BNT1       1    6[COMRAM] enum E2454
   117 ;; Return value:  Size  Location     Type
   118 ;;                  1    wreg      void 
   119 ;; Registers used:
   120 ;;		wreg, status,2, status,0, cstack
   121 ;; Tracked objects:
   122 ;;		On entry : 0/0
   123 ;;		On exit  : 0/0
   124 ;;		Unchanged: 0/0
   125 ;; Data sizes:     COMRAM   BANK0   BANK1
   126 ;;      Params:         0       0       0
   127 ;;      Locals:         2       0       0
   128 ;;      Temps:          1       0       0
   129 ;;      Totals:         3       0       0
   130 ;;Total ram usage:        3 bytes
   131 ;; Hardware stack levels required when called: 1
   132 ;; This function calls:
   133 ;;		_Delay_ms
   134 ;; This function is called by:
   135 ;;		Startup code after reset
   136 ;; This function uses a non-reentrant model
   137 ;;
   138                           
   139                           	psect	text0
   140   003ECC                     __ptext0:
   141                           	callstack 0
   142   003ECC                     _main:
   143                           	callstack 30
   144   003ECC                     
   145                           ;main.c: 26:     OSCCON = 0x30;
   146   003ECC  0E30               	movlw	48
   147   003ECE  6ED3               	movwf	211,c	;volatile
   148                           
   149                           ;main.c: 27:     OSCCON2 = 0x04;
   150   003ED0  0E04               	movlw	4
   151   003ED2  6ED2               	movwf	210,c	;volatile
   152                           
   153                           ;main.c: 28:     OSCTUNE = 0x00;
   154   003ED4  0E00               	movlw	0
   155   003ED6  6E9B               	movwf	155,c	;volatile
   156   003ED8                     
   157                           ;main.c: 31:     ANSEL = 0xFF;
   158   003ED8  687E               	setf	126,c	;volatile
   159                           
   160                           ;main.c: 32:     ANSELH = 0x07;
   161   003EDA  0E07               	movlw	7
   162   003EDC  6E7F               	movwf	127,c	;volatile
   163   003EDE                     
   164                           ;main.c: 35:     TRISA = 0xFF;
   165   003EDE  6892               	setf	146,c	;volatile
   166   003EE0                     
   167                           ;main.c: 36:     TRISB = 0xFF;
   168   003EE0  6893               	setf	147,c	;volatile
   169                           
   170                           ;main.c: 37:     TRISC = 0x00;
   171   003EE2  0E00               	movlw	0
   172   003EE4  6E94               	movwf	148,c	;volatile
   173                           
   174                           ;main.c: 41:     LATA = 0x00;
   175   003EE6  0E00               	movlw	0
   176   003EE8  6E89               	movwf	137,c	;volatile
   177                           
   178                           ;main.c: 42:     LATB = 0x00;
   179   003EEA  0E00               	movlw	0
   180   003EEC  6E8A               	movwf	138,c	;volatile
   181                           
   182                           ;main.c: 43:     LATC = 0x00;
   183   003EEE  0E00               	movlw	0
   184   003EF0  6E8B               	movwf	139,c	;volatile
   185   003EF2                     
   186                           ;main.c: 46:     INTCON2bits.nRABPU = 0x00;
   187   003EF2  9EF1               	bcf	241,7,c	;volatile
   188   003EF4                     
   189                           ;main.c: 47:     WPUB = 0xFF;
   190   003EF4  6878               	setf	120,c	;volatile
   191                           
   192                           ;main.c: 49:     enum {ACIONADO, DESACIONADO} SELO_BNT1 = DESACIONADO,
   193   003EF6  0E01               	movlw	1
   194   003EF8  6E07               	movwf	main@SELO_BNT1^0,c
   195                           
   196                           ;main.c: 50:                                  SELO_BNT2 = DESACIONADO;
   197   003EFA  0E01               	movlw	1
   198   003EFC  6E08               	movwf	main@SELO_BNT2^0,c
   199   003EFE                     l805:
   200                           
   201                           ;main.c: 54:     {;main.c: 55:         if((DESACIONADO == SELO_BNT1)&&(0 == PORTBbits.RB
      +                          6))
   202   003EFE  0407               	decf	main@SELO_BNT1^0,w,c
   203   003F00  A4D8               	btfss	status,2,c
   204   003F02  EF85  F01F         	goto	u111
   205   003F06  EF87  F01F         	goto	u110
   206   003F0A                     u111:
   207   003F0A  EF9C  F01F         	goto	l813
   208   003F0E                     u110:
   209   003F0E  BC81               	btfsc	129,6,c	;volatile
   210   003F10  EF8C  F01F         	goto	u121
   211   003F14  EF8E  F01F         	goto	u120
   212   003F18                     u121:
   213   003F18  EF9C  F01F         	goto	l813
   214   003F1C                     u120:
   215   003F1C                     
   216                           ;main.c: 56:         {;main.c: 57:             Delay_ms(50);
   217   003F1C  0E32               	movlw	50
   218   003F1E  6E01               	movwf	Delay_ms@tempo^0,c
   219   003F20  0E00               	movlw	0
   220   003F22  6E02               	movwf	(Delay_ms@tempo+1)^0,c
   221   003F24  0E00               	movlw	0
   222   003F26  6E03               	movwf	(Delay_ms@tempo+2)^0,c
   223   003F28  0E00               	movlw	0
   224   003F2A  6E04               	movwf	(Delay_ms@tempo+3)^0,c
   225   003F2C  EC4C  F01F         	call	_Delay_ms	;wreg free
   226   003F30                     
   227                           ;main.c: 58:             SELO_BNT1 = ACIONADO;
   228   003F30  0E00               	movlw	0
   229   003F32  6E07               	movwf	main@SELO_BNT1^0,c
   230                           
   231                           ;main.c: 59:         }
   232   003F34  EF7F  F01F         	goto	l805
   233   003F38                     l813:
   234   003F38  5007               	movf	main@SELO_BNT1^0,w,c
   235   003F3A  A4D8               	btfss	status,2,c
   236   003F3C  EFA2  F01F         	goto	u131
   237   003F40  EFA4  F01F         	goto	u130
   238   003F44                     u131:
   239   003F44  EFC0  F01F         	goto	l823
   240   003F48                     u130:
   241   003F48  AC81               	btfss	129,6,c	;volatile
   242   003F4A  EFA9  F01F         	goto	u141
   243   003F4E  EFAB  F01F         	goto	u140
   244   003F52                     u141:
   245   003F52  EFC0  F01F         	goto	l823
   246   003F56                     u140:
   247   003F56                     
   248                           ;main.c: 61:         {;main.c: 62:             Delay_ms(50);
   249   003F56  0E32               	movlw	50
   250   003F58  6E01               	movwf	Delay_ms@tempo^0,c
   251   003F5A  0E00               	movlw	0
   252   003F5C  6E02               	movwf	(Delay_ms@tempo+1)^0,c
   253   003F5E  0E00               	movlw	0
   254   003F60  6E03               	movwf	(Delay_ms@tempo+2)^0,c
   255   003F62  0E00               	movlw	0
   256   003F64  6E04               	movwf	(Delay_ms@tempo+3)^0,c
   257   003F66  EC4C  F01F         	call	_Delay_ms	;wreg free
   258   003F6A                     
   259                           ;main.c: 63:             SELO_BNT1 = DESACIONADO;
   260   003F6A  0E01               	movlw	1
   261   003F6C  6E07               	movwf	main@SELO_BNT1^0,c
   262   003F6E                     
   263                           ;main.c: 64:             LATC = ~((~LATC)<<1);
   264   003F6E  508B               	movf	139,w,c	;volatile
   265   003F70  0AFF               	xorlw	255
   266   003F72  6E06               	movwf	??_main^0,c
   267   003F74  90D8               	bcf	status,0,c
   268   003F76  3406               	rlcf	??_main^0,w,c
   269   003F78  0AFF               	xorlw	255
   270   003F7A  6E8B               	movwf	139,c	;volatile
   271                           
   272                           ;main.c: 65:         }
   273   003F7C  EF7F  F01F         	goto	l805
   274   003F80                     l823:
   275   003F80  0408               	decf	main@SELO_BNT2^0,w,c
   276   003F82  A4D8               	btfss	status,2,c
   277   003F84  EFC6  F01F         	goto	u151
   278   003F88  EFC8  F01F         	goto	u150
   279   003F8C                     u151:
   280   003F8C  EFDD  F01F         	goto	l831
   281   003F90                     u150:
   282   003F90  BA81               	btfsc	129,5,c	;volatile
   283   003F92  EFCD  F01F         	goto	u161
   284   003F96  EFCF  F01F         	goto	u160
   285   003F9A                     u161:
   286   003F9A  EFDD  F01F         	goto	l831
   287   003F9E                     u160:
   288   003F9E                     
   289                           ;main.c: 67:         {;main.c: 68:             Delay_ms(50);
   290   003F9E  0E32               	movlw	50
   291   003FA0  6E01               	movwf	Delay_ms@tempo^0,c
   292   003FA2  0E00               	movlw	0
   293   003FA4  6E02               	movwf	(Delay_ms@tempo+1)^0,c
   294   003FA6  0E00               	movlw	0
   295   003FA8  6E03               	movwf	(Delay_ms@tempo+2)^0,c
   296   003FAA  0E00               	movlw	0
   297   003FAC  6E04               	movwf	(Delay_ms@tempo+3)^0,c
   298   003FAE  EC4C  F01F         	call	_Delay_ms	;wreg free
   299   003FB2                     
   300                           ;main.c: 69:             SELO_BNT2 = ACIONADO;
   301   003FB2  0E00               	movlw	0
   302   003FB4  6E08               	movwf	main@SELO_BNT2^0,c
   303                           
   304                           ;main.c: 70:         }
   305   003FB6  EF7F  F01F         	goto	l805
   306   003FBA                     l831:
   307   003FBA  5008               	movf	main@SELO_BNT2^0,w,c
   308   003FBC  A4D8               	btfss	status,2,c
   309   003FBE  EFE3  F01F         	goto	u171
   310   003FC2  EFE5  F01F         	goto	u170
   311   003FC6                     u171:
   312   003FC6  EFFC  F01F         	goto	l39
   313   003FCA                     u170:
   314   003FCA  AA81               	btfss	129,5,c	;volatile
   315   003FCC  EFEA  F01F         	goto	u181
   316   003FD0  EFEC  F01F         	goto	u180
   317   003FD4                     u181:
   318   003FD4  EFFC  F01F         	goto	l39
   319   003FD8                     u180:
   320   003FD8                     
   321                           ;main.c: 72:         {;main.c: 73:             Delay_ms(50);
   322   003FD8  0E32               	movlw	50
   323   003FDA  6E01               	movwf	Delay_ms@tempo^0,c
   324   003FDC  0E00               	movlw	0
   325   003FDE  6E02               	movwf	(Delay_ms@tempo+1)^0,c
   326   003FE0  0E00               	movlw	0
   327   003FE2  6E03               	movwf	(Delay_ms@tempo+2)^0,c
   328   003FE4  0E00               	movlw	0
   329   003FE6  6E04               	movwf	(Delay_ms@tempo+3)^0,c
   330   003FE8  EC4C  F01F         	call	_Delay_ms	;wreg free
   331   003FEC                     
   332                           ;main.c: 74:             SELO_BNT2 = DESACIONADO;
   333   003FEC  0E01               	movlw	1
   334   003FEE  6E08               	movwf	main@SELO_BNT2^0,c
   335   003FF0                     
   336                           ;main.c: 75:             LATC >>= 1;
   337   003FF0  90D8               	bcf	status,0,c
   338   003FF2  328B               	rrcf	139,f,c
   339                           
   340                           ;volatile
   341   003FF4  EF7F  F01F         	goto	l805
   342   003FF8                     l39:
   343   003FF8  EF7F  F01F         	goto	l805
   344   003FFC  EF00  F000         	goto	start
   345   004000                     __end_of_main:
   346                           	callstack 0
   347                           
   348 ;; *************** function _Delay_ms *****************
   349 ;; Defined at:
   350 ;;		line 81 in file "main.c"
   351 ;; Parameters:    Size  Location     Type
   352 ;;  tempo           4    0[COMRAM] unsigned long 
   353 ;; Auto vars:     Size  Location     Type
   354 ;;		None
   355 ;; Return value:  Size  Location     Type
   356 ;;                  1    wreg      void 
   357 ;; Registers used:
   358 ;;		wreg, status,2, status,0
   359 ;; Tracked objects:
   360 ;;		On entry : 0/0
   361 ;;		On exit  : 0/0
   362 ;;		Unchanged: 0/0
   363 ;; Data sizes:     COMRAM   BANK0   BANK1
   364 ;;      Params:         4       0       0
   365 ;;      Locals:         0       0       0
   366 ;;      Temps:          1       0       0
   367 ;;      Totals:         5       0       0
   368 ;;Total ram usage:        5 bytes
   369 ;; Hardware stack levels used: 1
   370 ;; This function calls:
   371 ;;		Nothing
   372 ;; This function is called by:
   373 ;;		_main
   374 ;; This function uses a non-reentrant model
   375 ;;
   376                           
   377                           	psect	text1
   378   003E98                     __ptext1:
   379                           	callstack 0
   380   003E98                     _Delay_ms:
   381                           	callstack 30
   382   003E98                     
   383                           ;main.c: 81: void Delay_ms(unsigned long tempo);main.c: 82: {;main.c: 83:     while(temp
      +                          o>0)
   384   003E98  EF5A  F01F         	goto	l791
   385   003E9C                     l787:
   386                           
   387                           ;main.c: 84:     {;main.c: 85:         _delay((unsigned long)((1)*(8000000/4000.0)));
   388   003E9C  0E03               	movlw	3
   389   003E9E  6E05               	movwf	??_Delay_ms^0,c
   390   003EA0  0E98               	movlw	152
   391   003EA2                     u197:
   392   003EA2  2EE8               	decfsz	wreg,f,c
   393   003EA4  D7FE               	bra	u197
   394   003EA6  2E05               	decfsz	??_Delay_ms^0,f,c
   395   003EA8  D7FC               	bra	u197
   396   003EAA                     
   397                           ;main.c: 86:         --tempo;
   398   003EAA  0601               	decf	Delay_ms@tempo^0,f,c
   399   003EAC  0E00               	movlw	0
   400   003EAE  5A02               	subwfb	(Delay_ms@tempo+1)^0,f,c
   401   003EB0  5A03               	subwfb	(Delay_ms@tempo+2)^0,f,c
   402   003EB2  5A04               	subwfb	(Delay_ms@tempo+3)^0,f,c
   403   003EB4                     l791:
   404                           
   405                           ;main.c: 83:     while(tempo>0)
   406   003EB4  5001               	movf	Delay_ms@tempo^0,w,c
   407   003EB6  1002               	iorwf	(Delay_ms@tempo+1)^0,w,c
   408   003EB8  1003               	iorwf	(Delay_ms@tempo+2)^0,w,c
   409   003EBA  1004               	iorwf	(Delay_ms@tempo+3)^0,w,c
   410   003EBC  A4D8               	btfss	status,2,c
   411   003EBE  EF63  F01F         	goto	u101
   412   003EC2  EF65  F01F         	goto	u100
   413   003EC6                     u101:
   414   003EC6  EF4E  F01F         	goto	l787
   415   003ECA                     u100:
   416   003ECA  0012               	return		;funcret
   417   003ECC                     __end_of_Delay_ms:
   418                           	callstack 0
   419   000000                     
   420                           	psect	rparam
   421   000000                     
   422                           	psect	idloc
   423                           
   424                           ;Config register IDLOC0 @ 0x200000
   425                           ;	unspecified, using default values
   426   200000                     	org	2097152
   427   200000  FF                 	db	255
   428                           
   429                           ;Config register IDLOC1 @ 0x200001
   430                           ;	unspecified, using default values
   431   200001                     	org	2097153
   432   200001  FF                 	db	255
   433                           
   434                           ;Config register IDLOC2 @ 0x200002
   435                           ;	unspecified, using default values
   436   200002                     	org	2097154
   437   200002  FF                 	db	255
   438                           
   439                           ;Config register IDLOC3 @ 0x200003
   440                           ;	unspecified, using default values
   441   200003                     	org	2097155
   442   200003  FF                 	db	255
   443                           
   444                           ;Config register IDLOC4 @ 0x200004
   445                           ;	unspecified, using default values
   446   200004                     	org	2097156
   447   200004  FF                 	db	255
   448                           
   449                           ;Config register IDLOC5 @ 0x200005
   450                           ;	unspecified, using default values
   451   200005                     	org	2097157
   452   200005  FF                 	db	255
   453                           
   454                           ;Config register IDLOC6 @ 0x200006
   455                           ;	unspecified, using default values
   456   200006                     	org	2097158
   457   200006  FF                 	db	255
   458                           
   459                           ;Config register IDLOC7 @ 0x200007
   460                           ;	unspecified, using default values
   461   200007                     	org	2097159
   462   200007  FF                 	db	255
   463                           
   464                           	psect	config
   465                           
   466                           ; Padding undefined space
   467   300000                     	org	3145728
   468   300000  FF                 	db	255
   469                           
   470                           ;Config register CONFIG1H @ 0x300001
   471                           ;	Oscillator Selection bits
   472                           ;	FOSC = HS, HS oscillator
   473                           ;	4 X PLL Enable bit
   474                           ;	PLLEN = OFF, PLL is under software control
   475                           ;	Primary Clock Enable bit
   476                           ;	PCLKEN = ON, Primary clock enabled
   477                           ;	Fail-Safe Clock Monitor Enable
   478                           ;	FCMEN = OFF, Fail-Safe Clock Monitor disabled
   479                           ;	Internal/External Oscillator Switchover bit
   480                           ;	IESO = OFF, Oscillator Switchover mode disabled
   481   300001                     	org	3145729
   482   300001  22                 	db	34
   483                           
   484                           ;Config register CONFIG2L @ 0x300002
   485                           ;	Power-up Timer Enable bit
   486                           ;	PWRTEN = OFF, PWRT disabled
   487                           ;	Brown-out Reset Enable bits
   488                           ;	BOREN = SBORDIS, Brown-out Reset enabled in hardware only (SBOREN is disabled)
   489                           ;	Brown Out Reset Voltage bits
   490                           ;	BORV = 19, VBOR set to 1.9 V nominal
   491   300002                     	org	3145730
   492   300002  1F                 	db	31
   493                           
   494                           ;Config register CONFIG2H @ 0x300003
   495                           ;	Watchdog Timer Enable bit
   496                           ;	WDTEN = OFF, WDT is controlled by SWDTEN bit of the WDTCON register
   497                           ;	Watchdog Timer Postscale Select bits
   498                           ;	WDTPS = 32768, 1:32768
   499   300003                     	org	3145731
   500   300003  1E                 	db	30
   501                           
   502                           ; Padding undefined space
   503   300004                     	org	3145732
   504   300004  FF                 	db	255
   505                           
   506                           ;Config register CONFIG3H @ 0x300005
   507                           ;	HFINTOSC Fast Start-up bit
   508                           ;	HFOFST = OFF, The system clock is held off until the HFINTOSC is stable.
   509                           ;	MCLR Pin Enable bit
   510                           ;	MCLRE = ON, MCLR pin enabled, RA3 input pin disabled
   511   300005                     	org	3145733
   512   300005  80                 	db	128
   513                           
   514                           ;Config register CONFIG4L @ 0x300006
   515                           ;	Stack Full/Underflow Reset Enable bit
   516                           ;	STVREN = ON, Stack full/underflow will cause Reset
   517                           ;	Single-Supply ICSP Enable bit
   518                           ;	LVP = OFF, Single-Supply ICSP disabled
   519                           ;	Boot Block Size Select bit
   520                           ;	BBSIZ = OFF, 1kW boot block size
   521                           ;	Extended Instruction Set Enable bit
   522                           ;	XINST = OFF, Instruction set extension and Indexed Addressing mode disabled (Legacy mo
      +                          de)
   523                           ;	Background Debugger Enable bit
   524                           ;	DEBUG = 0x1, unprogrammed default
   525   300006                     	org	3145734
   526   300006  81                 	db	129
   527                           
   528                           ; Padding undefined space
   529   300007                     	org	3145735
   530   300007  FF                 	db	255
   531                           
   532                           ;Config register CONFIG5L @ 0x300008
   533                           ;	Code Protection bit
   534                           ;	CP0 = OFF, Block 0 not code-protected
   535                           ;	Code Protection bit
   536                           ;	CP1 = OFF, Block 1 not code-protected
   537   300008                     	org	3145736
   538   300008  03                 	db	3
   539                           
   540                           ;Config register CONFIG5H @ 0x300009
   541                           ;	Boot Block Code Protection bit
   542                           ;	CPB = OFF, Boot block not code-protected
   543                           ;	Data EEPROM Code Protection bit
   544                           ;	CPD = OFF, Data EEPROM not code-protected
   545   300009                     	org	3145737
   546   300009  C0                 	db	192
   547                           
   548                           ;Config register CONFIG6L @ 0x30000A
   549                           ;	Write Protection bit
   550                           ;	WRT0 = OFF, Block 0 not write-protected
   551                           ;	Write Protection bit
   552                           ;	WRT1 = OFF, Block 1 not write-protected
   553   30000A                     	org	3145738
   554   30000A  03                 	db	3
   555                           
   556                           ;Config register CONFIG6H @ 0x30000B
   557                           ;	Configuration Register Write Protection bit
   558                           ;	WRTC = OFF, Configuration registers not write-protected
   559                           ;	Boot Block Write Protection bit
   560                           ;	WRTB = OFF, Boot block not write-protected
   561                           ;	Data EEPROM Write Protection bit
   562                           ;	WRTD = OFF, Data EEPROM not write-protected
   563   30000B                     	org	3145739
   564   30000B  E0                 	db	224
   565                           
   566                           ;Config register CONFIG7L @ 0x30000C
   567                           ;	Table Read Protection bit
   568                           ;	EBTR0 = OFF, Block 0 not protected from table reads executed in other blocks
   569                           ;	Table Read Protection bit
   570                           ;	EBTR1 = OFF, Block 1 not protected from table reads executed in other blocks
   571   30000C                     	org	3145740
   572   30000C  03                 	db	3
   573                           
   574                           ;Config register CONFIG7H @ 0x30000D
   575                           ;	Boot Block Table Read Protection bit
   576                           ;	EBTRB = OFF, Boot block not protected from table reads executed in other blocks
   577   30000D                     	org	3145741
   578   30000D  40                 	db	64
   579                           tosu	equ	0xFFF
   580                           tosh	equ	0xFFE
   581                           tosl	equ	0xFFD
   582                           stkptr	equ	0xFFC
   583                           pclatu	equ	0xFFB
   584                           pclath	equ	0xFFA
   585                           pcl	equ	0xFF9
   586                           tblptru	equ	0xFF8
   587                           tblptrh	equ	0xFF7
   588                           tblptrl	equ	0xFF6
   589                           tablat	equ	0xFF5
   590                           prodh	equ	0xFF4
   591                           prodl	equ	0xFF3
   592                           indf0	equ	0xFEF
   593                           postinc0	equ	0xFEE
   594                           postdec0	equ	0xFED
   595                           preinc0	equ	0xFEC
   596                           plusw0	equ	0xFEB
   597                           fsr0h	equ	0xFEA
   598                           fsr0l	equ	0xFE9
   599                           wreg	equ	0xFE8
   600                           indf1	equ	0xFE7
   601                           postinc1	equ	0xFE6
   602                           postdec1	equ	0xFE5
   603                           preinc1	equ	0xFE4
   604                           plusw1	equ	0xFE3
   605                           fsr1h	equ	0xFE2
   606                           fsr1l	equ	0xFE1
   607                           bsr	equ	0xFE0
   608                           indf2	equ	0xFDF
   609                           postinc2	equ	0xFDE
   610                           postdec2	equ	0xFDD
   611                           preinc2	equ	0xFDC
   612                           plusw2	equ	0xFDB
   613                           fsr2h	equ	0xFDA
   614                           fsr2l	equ	0xFD9
   615                           status	equ	0xFD8

Data Sizes:
    Strings     0
    Constant    0
    Data        0
    BSS         0
    Persistent  0
    Stack       0

Auto Spaces:
    Space          Size  Autos    Used
    COMRAM           95      8       8
    BANK0           160      0       0
    BANK1           256      0       0

Pointer List with Targets:

    None.

Critical Paths under _main in COMRAM

    _main->_Delay_ms

Critical Paths under _main in BANK0

    None.

Critical Paths under _main in BANK1

    None.

Call Graph Tables:

 ---------------------------------------------------------------------------------
 (Depth) Function   	        Calls       Base Space   Used Autos Params    Refs
 ---------------------------------------------------------------------------------
 (0) _main                                                 3     3      0     421
                                              5 COMRAM     3     3      0
                           _Delay_ms
 ---------------------------------------------------------------------------------
 (1) _Delay_ms                                             5     1      4     327
                                              0 COMRAM     5     1      4
 ---------------------------------------------------------------------------------
 Estimated maximum stack depth 1
 ---------------------------------------------------------------------------------

 Call Graph Graphs:

 _main (ROOT)
   _Delay_ms

 Address spaces:
Name               Size   Autos  Total    Cost      Usage
BITCOMRAM           5F      0       0       0        0.0%
EEDATA             100      0       0       0        0.0%
NULL                 0      0       0       0        0.0%
CODE                 0      0       0       0        0.0%
COMRAM              5F      8       8       1        8.4%
STACK                0      0       0       2        0.0%
DATA                 0      0       0       3        0.0%
BITBANK0            A0      0       0       4        0.0%
BANK0               A0      0       0       5        0.0%
BITBANK1           100      0       0       6        0.0%
BANK1              100      0       0       7        0.0%
BITBIGSFRhh          E      0       0       8        0.0%
BITBIGSFRhl         1D      0       0       9        0.0%
BITBIGSFRlh         36      0       0      10        0.0%
BITBIGSFRllhh        6      0       0      11        0.0%
BITBIGSFRllhlh       6      0       0      12        0.0%
BITBIGSFRllhllh      7      0       0      13        0.0%
BITBIGSFRllhlll      1      0       0      14        0.0%
BITBIGSFRlllh        5      0       0      15        0.0%
BITBIGSFRllll       18      0       0      16        0.0%
ABS                  0      0       0      17        0.0%
BIGRAM             1FF      0       0      18        0.0%
BIGSFR               0      0       0     200        0.0%
BITSFR               0      0       0     200        0.0%
SFR                  0      0       0     200        0.0%


Microchip Technology PIC18 Macro Assembler V2.40 build 20220703182018 
Symbol Table                                                                                   Sun Dec 04 15:41:56 2022

                     l53 3ECA                       l39 3FF8                      l801 3EF2  
                    l811 3F30                      l803 3EF4                      l821 3F6E  
                    l813 3F38                      l805 3EFE                      l831 3FBA  
                    l815 3F48                      l823 3F80                      l807 3F0E  
                    l833 3FCA                      l825 3F90                      l817 3F56  
                    l809 3F1C                      l835 3FD8                      l827 3F9E  
                    l819 3F6A                      l837 3FEC                      l829 3FB2  
                    l791 3EB4                      l839 3FF0                      l785 3E98  
                    l793 3ECC                      l787 3E9C                      l795 3ED8  
                    l789 3EAA                      l797 3EDE                      l799 3EE0  
                    u100 3ECA                      u101 3EC6                      u110 3F0E  
                    u111 3F0A                      u120 3F1C                      u121 3F18  
                    u130 3F48                      u131 3F44                      u140 3F56  
                    u141 3F52                      u150 3F90                      u151 3F8C  
                    u160 3F9E                      u161 3F9A                      u170 3FCA  
                    u171 3FC6                      u180 3FD8                      u181 3FD4  
                    u197 3EA2                      wreg 000FE8                     _LATA 000F89  
                   _LATB 000F8A                     _LATC 000F8B                     _WPUB 000F78  
                   _main 3ECC                     start 0000             ___param_bank 000000  
                  ?_main 0001                    _ANSEL 000F7E                    _TRISA 000F92  
                  _TRISB 000F93                    _TRISC 000F94                    status 000FD8  
       __end_of_Delay_ms 3ECC          __initialization 3E92             __end_of_main 4000  
                 ??_main 0006            __activetblptr 000000                   _ANSELH 000F7F  
                 _OSCCON 000FD3            Delay_ms@tempo 0001                   isa$std 000001  
             __accesstop 0060  __end_of__initialization 3E92            ___rparam_used 000001  
         __pcstackCOMRAM 0001                ?_Delay_ms 0001               ??_Delay_ms 0005  
                _OSCCON2 000FD2                  _OSCTUNE 000F9B                  __Hparam 0000  
                __Lparam 0000                  __pcinit 3E92                  __ramtop 0200  
                __ptext0 3ECC                  __ptext1 3E98     end_of_initialization 3E92  
              _PORTBbits 000F81      start_initialization 3E92                 _Delay_ms 3E98  
            _INTCON2bits 000FF1                 __Hrparam 0000                 __Lrparam 0000  
               isa$xinst 000000            main@SELO_BNT1 0007            main@SELO_BNT2 0008  
